{"/home/frostyh/Projetos/Autoral/backend/src/index.ts": {"path":"/home/frostyh/Projetos/Autoral/backend/src/index.ts","statementMap":{"0":{"start":{"line":1,"column":0},"end":{"line":1,"column":43}},"1":{"start":{"line":2,"column":0},"end":{"line":2,"column":24}},"2":{"start":{"line":3,"column":0},"end":{"line":3,"column":41}},"3":{"start":{"line":4,"column":0},"end":{"line":4,"column":64}},"4":{"start":{"line":6,"column":15},"end":{"line":6,"column":24}},"5":{"start":{"line":8,"column":0},"end":{"line":8,"column":19}},"6":{"start":{"line":9,"column":0},"end":{"line":9,"column":27}},"7":{"start":{"line":10,"column":0},"end":{"line":10,"column":19}},"8":{"start":{"line":12,"column":13},"end":{"line":12,"column":45}},"9":{"start":{"line":15,"column":0},"end":{"line":15,"column":null}},"10":{"start":{"line":15,"column":26},"end":{"line":15,"column":72}},"11":{"start":{"line":18,"column":4},"end":{"line":18,"column":16}},"12":{"start":{"line":19,"column":4},"end":{"line":19,"column":35}},"13":{"start":{"line":17,"column":0},"end":{"line":17,"column":16}},"14":{"start":{"line":23,"column":4},"end":{"line":23,"column":25}},"15":{"start":{"line":22,"column":0},"end":{"line":22,"column":22}},"16":{"start":{"line":26,"column":0},"end":{"line":26,"column":22}}},"fnMap":{"0":{"name":"(anonymous_8)","decl":{"start":{"line":15,"column":20},"end":{"line":15,"column":23}},"loc":{"start":{"line":15,"column":26},"end":{"line":15,"column":72}}},"1":{"name":"init","decl":{"start":{"line":17,"column":16},"end":{"line":17,"column":20}},"loc":{"start":{"line":17,"column":20},"end":{"line":20,"column":1}}},"2":{"name":"close","decl":{"start":{"line":22,"column":22},"end":{"line":22,"column":27}},"loc":{"start":{"line":22,"column":27},"end":{"line":24,"column":null}}}},"branchMap":{"0":{"loc":{"start":{"line":12,"column":13},"end":{"line":12,"column":45}},"type":"binary-expr","locations":[{"start":{"line":12,"column":13},"end":{"line":12,"column":17}},{"start":{"line":12,"column":21},"end":{"line":12,"column":45}}]}},"s":{"0":1,"1":1,"2":1,"3":1,"4":1,"5":1,"6":1,"7":1,"8":1,"9":1,"10":1,"11":1,"12":1,"13":1,"14":0,"15":1,"16":1},"f":{"0":1,"1":1,"2":0},"b":{"0":[1,0]}}
,"/home/frostyh/Projetos/Autoral/backend/src/controller/carts.controller.ts": {"path":"/home/frostyh/Projetos/Autoral/backend/src/controller/carts.controller.ts","statementMap":{"0":{"start":{"line":2,"column":0},"end":{"line":2,"column":37}},"1":{"start":{"line":3,"column":0},"end":{"line":3,"column":67}},"2":{"start":{"line":8,"column":23},"end":{"line":8,"column":26}},"3":{"start":{"line":10,"column":28},"end":{"line":10,"column":36}},"4":{"start":{"line":12,"column":4},"end":{"line":25,"column":null}},"5":{"start":{"line":14,"column":21},"end":{"line":14,"column":59}},"6":{"start":{"line":16,"column":8},"end":{"line":16,"column":52}},"7":{"start":{"line":20,"column":8},"end":{"line":22,"column":null}},"8":{"start":{"line":21,"column":12},"end":{"line":21,"column":null}},"9":{"start":{"line":24,"column":8},"end":{"line":24,"column":60}},"10":{"start":{"line":49,"column":4},"end":{"line":49,"column":12}},"11":{"start":{"line":31,"column":23},"end":{"line":31,"column":26}},"12":{"start":{"line":33,"column":4},"end":{"line":44,"column":null}},"13":{"start":{"line":35,"column":21},"end":{"line":35,"column":46}},"14":{"start":{"line":37,"column":8},"end":{"line":37,"column":null}},"15":{"start":{"line":39,"column":8},"end":{"line":39,"column":52}},"16":{"start":{"line":43,"column":8},"end":{"line":43,"column":60}},"17":{"start":{"line":50,"column":4},"end":{"line":50,"column":11}}},"fnMap":{"0":{"name":"cartPost","decl":{"start":{"line":6,"column":15},"end":{"line":6,"column":23}},"loc":{"start":{"line":6,"column":64},"end":{"line":27,"column":null}}},"1":{"name":"cartGet","decl":{"start":{"line":29,"column":15},"end":{"line":29,"column":22}},"loc":{"start":{"line":29,"column":63},"end":{"line":46,"column":null}}}},"branchMap":{"0":{"loc":{"start":{"line":20,"column":8},"end":{"line":22,"column":null}},"type":"if","locations":[{"start":{"line":20,"column":8},"end":{"line":22,"column":null}}]}},"s":{"0":1,"1":1,"2":0,"3":0,"4":0,"5":0,"6":0,"7":0,"8":0,"9":0,"10":1,"11":0,"12":0,"13":0,"14":0,"15":0,"16":0,"17":1},"f":{"0":0,"1":0},"b":{"0":[0]}}
,"/home/frostyh/Projetos/Autoral/backend/src/controller/product.controller.ts": {"path":"/home/frostyh/Projetos/Autoral/backend/src/controller/product.controller.ts","statementMap":{"0":{"start":{"line":2,"column":0},"end":{"line":2,"column":52}},"1":{"start":{"line":3,"column":0},"end":{"line":3,"column":93}},"2":{"start":{"line":4,"column":0},"end":{"line":4,"column":73}},"3":{"start":{"line":8,"column":46},"end":{"line":8,"column":54}},"4":{"start":{"line":10,"column":2},"end":{"line":19,"column":null}},"5":{"start":{"line":12,"column":20},"end":{"line":12,"column":72}},"6":{"start":{"line":14,"column":4},"end":{"line":14,"column":51}},"7":{"start":{"line":18,"column":4},"end":{"line":18,"column":null}},"8":{"start":{"line":76,"column":2},"end":{"line":76,"column":15}},"9":{"start":{"line":24,"column":2},"end":{"line":34,"column":null}},"10":{"start":{"line":26,"column":20},"end":{"line":26,"column":38}},"11":{"start":{"line":28,"column":4},"end":{"line":28,"column":51}},"12":{"start":{"line":32,"column":4},"end":{"line":32,"column":25}},"13":{"start":{"line":77,"column":2},"end":{"line":77,"column":13}},"14":{"start":{"line":39,"column":24},"end":{"line":39,"column":34}},"15":{"start":{"line":41,"column":2},"end":{"line":53,"column":null}},"16":{"start":{"line":43,"column":20},"end":{"line":43,"column":53}},"17":{"start":{"line":45,"column":4},"end":{"line":45,"column":51}},"18":{"start":{"line":49,"column":4},"end":{"line":51,"column":null}},"19":{"start":{"line":50,"column":6},"end":{"line":50,"column":45}},"20":{"start":{"line":78,"column":2},"end":{"line":78,"column":16}},"21":{"start":{"line":57,"column":24},"end":{"line":57,"column":34}},"22":{"start":{"line":59,"column":2},"end":{"line":71,"column":null}},"23":{"start":{"line":61,"column":4},"end":{"line":61,"column":36}},"24":{"start":{"line":63,"column":4},"end":{"line":63,"column":41}},"25":{"start":{"line":67,"column":4},"end":{"line":69,"column":null}},"26":{"start":{"line":68,"column":6},"end":{"line":68,"column":45}},"27":{"start":{"line":79,"column":2},"end":{"line":79,"column":15}}},"fnMap":{"0":{"name":"createProduct","decl":{"start":{"line":7,"column":15},"end":{"line":7,"column":28}},"loc":{"start":{"line":7,"column":56},"end":{"line":20,"column":null}}},"1":{"name":"getProducts","decl":{"start":{"line":22,"column":15},"end":{"line":22,"column":26}},"loc":{"start":{"line":22,"column":54},"end":{"line":35,"column":null}}},"2":{"name":"getProductById","decl":{"start":{"line":37,"column":15},"end":{"line":37,"column":29}},"loc":{"start":{"line":37,"column":57},"end":{"line":54,"column":null}}},"3":{"name":"deleteProduct","decl":{"start":{"line":56,"column":15},"end":{"line":56,"column":28}},"loc":{"start":{"line":56,"column":56},"end":{"line":73,"column":null}}}},"branchMap":{"0":{"loc":{"start":{"line":49,"column":4},"end":{"line":51,"column":null}},"type":"if","locations":[{"start":{"line":49,"column":4},"end":{"line":51,"column":null}}]},"1":{"loc":{"start":{"line":67,"column":4},"end":{"line":69,"column":null}},"type":"if","locations":[{"start":{"line":67,"column":4},"end":{"line":69,"column":null}}]}},"s":{"0":1,"1":1,"2":1,"3":0,"4":0,"5":0,"6":0,"7":0,"8":1,"9":0,"10":0,"11":0,"12":0,"13":1,"14":0,"15":0,"16":0,"17":0,"18":0,"19":0,"20":1,"21":0,"22":0,"23":0,"24":0,"25":0,"26":0,"27":1},"f":{"0":0,"1":0,"2":0,"3":0},"b":{"0":[0],"1":[0]}}
,"/home/frostyh/Projetos/Autoral/backend/src/controller/users.controller.ts": {"path":"/home/frostyh/Projetos/Autoral/backend/src/controller/users.controller.ts","statementMap":{"0":{"start":{"line":2,"column":0},"end":{"line":2,"column":37}},"1":{"start":{"line":3,"column":0},"end":{"line":3,"column":77}},"2":{"start":{"line":7,"column":38},"end":{"line":7,"column":46}},"3":{"start":{"line":9,"column":4},"end":{"line":17,"column":null}},"4":{"start":{"line":10,"column":21},"end":{"line":10,"column":69}},"5":{"start":{"line":12,"column":8},"end":{"line":12,"column":57}},"6":{"start":{"line":15,"column":8},"end":{"line":15,"column":60}},"7":{"start":{"line":39,"column":4},"end":{"line":39,"column":16}},"8":{"start":{"line":23,"column":32},"end":{"line":23,"column":40}},"9":{"start":{"line":25,"column":4},"end":{"line":34,"column":null}},"10":{"start":{"line":26,"column":22},"end":{"line":26,"column":58}},"11":{"start":{"line":28,"column":8},"end":{"line":28,"column":53}},"12":{"start":{"line":31,"column":8},"end":{"line":33,"column":null}},"13":{"start":{"line":32,"column":12},"end":{"line":32,"column":64}},"14":{"start":{"line":40,"column":4},"end":{"line":40,"column":13}}},"fnMap":{"0":{"name":"registerUser","decl":{"start":{"line":5,"column":15},"end":{"line":5,"column":27}},"loc":{"start":{"line":5,"column":55},"end":{"line":19,"column":null}}},"1":{"name":"loginUser","decl":{"start":{"line":21,"column":15},"end":{"line":21,"column":24}},"loc":{"start":{"line":21,"column":52},"end":{"line":36,"column":null}}}},"branchMap":{"0":{"loc":{"start":{"line":31,"column":8},"end":{"line":33,"column":null}},"type":"if","locations":[{"start":{"line":31,"column":8},"end":{"line":33,"column":null}}]}},"s":{"0":1,"1":1,"2":6,"3":6,"4":6,"5":1,"6":5,"7":1,"8":0,"9":0,"10":0,"11":0,"12":0,"13":0,"14":1},"f":{"0":6,"1":0},"b":{"0":[0]}}
,"/home/frostyh/Projetos/Autoral/backend/src/database/index.ts": {"path":"/home/frostyh/Projetos/Autoral/backend/src/database/index.ts","statementMap":{"0":{"start":{"line":1,"column":0},"end":{"line":1,"column":46}},"1":{"start":{"line":3,"column":11},"end":{"line":3,"column":53}},"2":{"start":{"line":5,"column":2},"end":{"line":5,"column":30}},"3":{"start":{"line":4,"column":0},"end":{"line":4,"column":16}},"4":{"start":{"line":9,"column":2},"end":{"line":9,"column":30}},"5":{"start":{"line":8,"column":0},"end":{"line":8,"column":22}}},"fnMap":{"0":{"name":"connectDb","decl":{"start":{"line":4,"column":16},"end":{"line":4,"column":25}},"loc":{"start":{"line":4,"column":25},"end":{"line":6,"column":1}}},"1":{"name":"disconnectDB","decl":{"start":{"line":8,"column":22},"end":{"line":8,"column":34}},"loc":{"start":{"line":8,"column":34},"end":{"line":10,"column":null}}}},"branchMap":{"0":{"loc":{"start":{"line":9,"column":8},"end":{"line":9,"column":29}},"type":"cond-expr","locations":[{"start":{"line":9,"column":14},"end":{"line":9,"column":16}},{"start":{"line":9,"column":8},"end":{"line":9,"column":29}}]},"1":{"loc":{"start":{"line":9,"column":8},"end":{"line":9,"column":16}},"type":"binary-expr","locations":[{"start":{"line":9,"column":8},"end":{"line":9,"column":16}},{"start":{"line":9,"column":8},"end":{"line":9,"column":16}}]}},"s":{"0":1,"1":1,"2":1,"3":1,"4":0,"5":1},"f":{"0":1,"1":0},"b":{"0":[0,0],"1":[0,0]}}
,"/home/frostyh/Projetos/Autoral/backend/src/error/notFoundError.ts": {"path":"/home/frostyh/Projetos/Autoral/backend/src/error/notFoundError.ts","statementMap":{"0":{"start":{"line":3,"column":4},"end":{"line":8,"column":null}},"1":{"start":{"line":1,"column":0},"end":{"line":1,"column":24}}},"fnMap":{"0":{"name":"notFoundError","decl":{"start":{"line":1,"column":24},"end":{"line":1,"column":37}},"loc":{"start":{"line":1,"column":37},"end":{"line":10,"column":1}}}},"branchMap":{},"s":{"0":0,"1":1},"f":{"0":0},"b":{}}
,"/home/frostyh/Projetos/Autoral/backend/src/error/unauthorized-error.ts": {"path":"/home/frostyh/Projetos/Autoral/backend/src/error/unauthorized-error.ts","statementMap":{"0":{"start":{"line":3,"column":2},"end":{"line":8,"column":4}},"1":{"start":{"line":1,"column":0},"end":{"line":1,"column":16}}},"fnMap":{"0":{"name":"unauthorizedError","decl":{"start":{"line":1,"column":16},"end":{"line":1,"column":33}},"loc":{"start":{"line":1,"column":33},"end":{"line":10,"column":1}}}},"branchMap":{},"s":{"0":0,"1":1},"f":{"0":0},"b":{}}
,"/home/frostyh/Projetos/Autoral/backend/src/middleware/authenticated-middleware.ts": {"path":"/home/frostyh/Projetos/Autoral/backend/src/middleware/authenticated-middleware.ts","statementMap":{"0":{"start":{"line":1,"column":0},"end":{"line":1,"column":41}},"1":{"start":{"line":2,"column":0},"end":{"line":2,"column":64}},"2":{"start":{"line":4,"column":0},"end":{"line":4,"column":37}},"3":{"start":{"line":5,"column":0},"end":{"line":5,"column":36}},"4":{"start":{"line":16,"column":23},"end":{"line":16,"column":50}},"5":{"start":{"line":18,"column":4},"end":{"line":18,"column":54}},"6":{"start":{"line":18,"column":21},"end":{"line":18,"column":54}},"7":{"start":{"line":20,"column":18},"end":{"line":20,"column":42}},"8":{"start":{"line":22,"column":4},"end":{"line":22,"column":49}},"9":{"start":{"line":22,"column":16},"end":{"line":22,"column":49}},"10":{"start":{"line":24,"column":4},"end":{"line":44,"column":null}},"11":{"start":{"line":26,"column":27},"end":{"line":26,"column":82}},"12":{"start":{"line":28,"column":24},"end":{"line":32,"column":10}},"13":{"start":{"line":34,"column":8},"end":{"line":34,"column":55}},"14":{"start":{"line":34,"column":22},"end":{"line":34,"column":55}},"15":{"start":{"line":36,"column":8},"end":{"line":36,"column":28}},"16":{"start":{"line":38,"column":8},"end":{"line":38,"column":22}},"17":{"start":{"line":42,"column":8},"end":{"line":42,"column":41}},"18":{"start":{"line":13,"column":0},"end":{"line":13,"column":22}},"19":{"start":{"line":48,"column":4},"end":{"line":48,"column":66}}},"fnMap":{"0":{"name":"checkToken","decl":{"start":{"line":13,"column":22},"end":{"line":13,"column":32}},"loc":{"start":{"line":13,"column":93},"end":{"line":45,"column":null}}},"1":{"name":"unauthorizedResponse","decl":{"start":{"line":47,"column":9},"end":{"line":47,"column":29}},"loc":{"start":{"line":47,"column":43},"end":{"line":49,"column":1}}}},"branchMap":{"0":{"loc":{"start":{"line":18,"column":4},"end":{"line":18,"column":54}},"type":"if","locations":[{"start":{"line":18,"column":4},"end":{"line":18,"column":54}}]},"1":{"loc":{"start":{"line":22,"column":4},"end":{"line":22,"column":49}},"type":"if","locations":[{"start":{"line":22,"column":4},"end":{"line":22,"column":49}}]},"2":{"loc":{"start":{"line":34,"column":8},"end":{"line":34,"column":55}},"type":"if","locations":[{"start":{"line":34,"column":8},"end":{"line":34,"column":55}}]}},"s":{"0":1,"1":1,"2":1,"3":1,"4":0,"5":0,"6":0,"7":0,"8":0,"9":0,"10":0,"11":0,"12":0,"13":0,"14":0,"15":0,"16":0,"17":0,"18":1,"19":0},"f":{"0":0,"1":0},"b":{"0":[0],"1":[0],"2":[0]}}
,"/home/frostyh/Projetos/Autoral/backend/src/repositories/carts-repositories/index.ts": {"path":"/home/frostyh/Projetos/Autoral/backend/src/repositories/carts-repositories/index.ts","statementMap":{"0":{"start":{"line":1,"column":0},"end":{"line":1,"column":46}},"1":{"start":{"line":5,"column":25},"end":{"line":7,"column":6}},"2":{"start":{"line":6,"column":8},"end":{"line":6,"column":null}},"3":{"start":{"line":9,"column":4},"end":{"line":17,"column":null}},"4":{"start":{"line":19,"column":4},"end":{"line":19,"column":10}},"5":{"start":{"line":3,"column":0},"end":{"line":3,"column":22}},"6":{"start":{"line":23,"column":17},"end":{"line":41,"column":6}},"7":{"start":{"line":42,"column":4},"end":{"line":42,"column":16}},"8":{"start":{"line":22,"column":0},"end":{"line":22,"column":22}},"9":{"start":{"line":47,"column":17},"end":{"line":51,"column":6}},"10":{"start":{"line":53,"column":4},"end":{"line":53,"column":16}},"11":{"start":{"line":45,"column":0},"end":{"line":45,"column":22}},"12":{"start":{"line":57,"column":17},"end":{"line":61,"column":6}},"13":{"start":{"line":63,"column":4},"end":{"line":63,"column":null}},"14":{"start":{"line":65,"column":4},"end":{"line":65,"column":16}},"15":{"start":{"line":56,"column":0},"end":{"line":56,"column":22}}},"fnMap":{"0":{"name":"cartPost","decl":{"start":{"line":3,"column":22},"end":{"line":3,"column":30}},"loc":{"start":{"line":3,"column":54},"end":{"line":20,"column":null}}},"1":{"name":"(anonymous_9)","decl":{"start":{"line":5,"column":41},"end":{"line":5,"column":42}},"loc":{"start":{"line":5,"column":59},"end":{"line":7,"column":5}}},"2":{"name":"cartGet","decl":{"start":{"line":22,"column":22},"end":{"line":22,"column":29}},"loc":{"start":{"line":22,"column":40},"end":{"line":43,"column":null}}},"3":{"name":"findCartByUserId","decl":{"start":{"line":45,"column":22},"end":{"line":45,"column":38}},"loc":{"start":{"line":45,"column":47},"end":{"line":54,"column":null}}},"4":{"name":"cartGetProduct","decl":{"start":{"line":56,"column":22},"end":{"line":56,"column":36}},"loc":{"start":{"line":56,"column":47},"end":{"line":66,"column":null}}}},"branchMap":{},"s":{"0":1,"1":0,"2":0,"3":0,"4":0,"5":1,"6":0,"7":0,"8":1,"9":0,"10":0,"11":1,"12":0,"13":0,"14":0,"15":1},"f":{"0":0,"1":0,"2":0,"3":0,"4":0},"b":{}}
,"/home/frostyh/Projetos/Autoral/backend/src/repositories/products-repositories/index.ts": {"path":"/home/frostyh/Projetos/Autoral/backend/src/repositories/products-repositories/index.ts","statementMap":{"0":{"start":{"line":1,"column":0},"end":{"line":1,"column":46}},"1":{"start":{"line":5,"column":20},"end":{"line":12,"column":6}},"2":{"start":{"line":14,"column":4},"end":{"line":14,"column":null}},"3":{"start":{"line":3,"column":0},"end":{"line":3,"column":22}},"4":{"start":{"line":20,"column":20},"end":{"line":20,"column":52}},"5":{"start":{"line":22,"column":4},"end":{"line":22,"column":19}},"6":{"start":{"line":18,"column":0},"end":{"line":18,"column":22}},"7":{"start":{"line":28,"column":20},"end":{"line":32,"column":6}},"8":{"start":{"line":34,"column":4},"end":{"line":34,"column":19}},"9":{"start":{"line":26,"column":0},"end":{"line":26,"column":22}},"10":{"start":{"line":40,"column":4},"end":{"line":50,"column":null}},"11":{"start":{"line":42,"column":8},"end":{"line":46,"column":null}},"12":{"start":{"line":49,"column":8},"end":{"line":49,"column":null}},"13":{"start":{"line":52,"column":4},"end":{"line":54,"column":null}},"14":{"start":{"line":38,"column":0},"end":{"line":38,"column":22}}},"fnMap":{"0":{"name":"insertProduct","decl":{"start":{"line":3,"column":22},"end":{"line":3,"column":35}},"loc":{"start":{"line":3,"column":71},"end":{"line":16,"column":null}}},"1":{"name":"getProduct","decl":{"start":{"line":18,"column":22},"end":{"line":18,"column":32}},"loc":{"start":{"line":18,"column":32},"end":{"line":24,"column":null}}},"2":{"name":"getProductsById","decl":{"start":{"line":26,"column":22},"end":{"line":26,"column":37}},"loc":{"start":{"line":26,"column":51},"end":{"line":36,"column":null}}},"3":{"name":"deleteProductById","decl":{"start":{"line":38,"column":22},"end":{"line":38,"column":39}},"loc":{"start":{"line":38,"column":51},"end":{"line":56,"column":null}}}},"branchMap":{},"s":{"0":1,"1":0,"2":0,"3":1,"4":0,"5":0,"6":1,"7":0,"8":0,"9":1,"10":0,"11":0,"12":0,"13":0,"14":1},"f":{"0":0,"1":0,"2":0,"3":0},"b":{}}
,"/home/frostyh/Projetos/Autoral/backend/src/repositories/users-repositories/index.ts": {"path":"/home/frostyh/Projetos/Autoral/backend/src/repositories/users-repositories/index.ts","statementMap":{"0":{"start":{"line":1,"column":0},"end":{"line":1,"column":46}},"1":{"start":{"line":5,"column":17},"end":{"line":11,"column":6}},"2":{"start":{"line":13,"column":4},"end":{"line":13,"column":null}},"3":{"start":{"line":3,"column":0},"end":{"line":3,"column":22}},"4":{"start":{"line":18,"column":17},"end":{"line":22,"column":6}},"5":{"start":{"line":24,"column":4},"end":{"line":24,"column":null}},"6":{"start":{"line":16,"column":0},"end":{"line":16,"column":22}},"7":{"start":{"line":30,"column":17},"end":{"line":34,"column":6}},"8":{"start":{"line":36,"column":4},"end":{"line":36,"column":null}},"9":{"start":{"line":28,"column":0},"end":{"line":28,"column":22}},"10":{"start":{"line":42,"column":17},"end":{"line":48,"column":6}},"11":{"start":{"line":50,"column":4},"end":{"line":50,"column":null}},"12":{"start":{"line":40,"column":0},"end":{"line":40,"column":22}}},"fnMap":{"0":{"name":"postUser","decl":{"start":{"line":3,"column":22},"end":{"line":3,"column":30}},"loc":{"start":{"line":3,"column":59},"end":{"line":14,"column":null}}},"1":{"name":"findUserByEmail","decl":{"start":{"line":16,"column":22},"end":{"line":16,"column":37}},"loc":{"start":{"line":16,"column":47},"end":{"line":26,"column":null}}},"2":{"name":"findUserById","decl":{"start":{"line":28,"column":22},"end":{"line":28,"column":34}},"loc":{"start":{"line":28,"column":45},"end":{"line":38,"column":null}}},"3":{"name":"createSession","decl":{"start":{"line":40,"column":22},"end":{"line":40,"column":35}},"loc":{"start":{"line":40,"column":51},"end":{"line":52,"column":null}}}},"branchMap":{},"s":{"0":1,"1":1,"2":1,"3":1,"4":1,"5":1,"6":1,"7":0,"8":0,"9":1,"10":0,"11":0,"12":1},"f":{"0":1,"1":1,"2":0,"3":0},"b":{}}
,"/home/frostyh/Projetos/Autoral/backend/src/router/cartRouter.ts": {"path":"/home/frostyh/Projetos/Autoral/backend/src/router/cartRouter.ts","statementMap":{"0":{"start":{"line":1,"column":0},"end":{"line":1,"column":68}},"1":{"start":{"line":2,"column":0},"end":{"line":2,"column":67}},"2":{"start":{"line":3,"column":0},"end":{"line":3,"column":33}},"3":{"start":{"line":5,"column":20},"end":{"line":5,"column":28}},"4":{"start":{"line":11,"column":9},"end":{"line":11,"column":20}},"5":{"start":{"line":7,"column":0},"end":{"line":8,"column":null}}},"fnMap":{},"branchMap":{},"s":{"0":1,"1":1,"2":1,"3":1,"4":1,"5":1},"f":{},"b":{}}
,"/home/frostyh/Projetos/Autoral/backend/src/router/productsRoute.ts": {"path":"/home/frostyh/Projetos/Autoral/backend/src/router/productsRoute.ts","statementMap":{"0":{"start":{"line":1,"column":0},"end":{"line":1,"column":33}},"1":{"start":{"line":2,"column":0},"end":{"line":2,"column":109}},"2":{"start":{"line":4,"column":22},"end":{"line":4,"column":30}},"3":{"start":{"line":12,"column":9},"end":{"line":12,"column":22}},"4":{"start":{"line":6,"column":0},"end":{"line":9,"column":null}}},"fnMap":{},"branchMap":{},"s":{"0":1,"1":1,"2":1,"3":1,"4":1},"f":{},"b":{}}
,"/home/frostyh/Projetos/Autoral/backend/src/router/router.ts": {"path":"/home/frostyh/Projetos/Autoral/backend/src/router/router.ts","statementMap":{"0":{"start":{"line":1,"column":0},"end":{"line":1,"column":33}},"1":{"start":{"line":2,"column":0},"end":{"line":2,"column":48}},"2":{"start":{"line":3,"column":0},"end":{"line":3,"column":43}},"3":{"start":{"line":4,"column":0},"end":{"line":4,"column":43}},"4":{"start":{"line":6,"column":15},"end":{"line":6,"column":23}},"5":{"start":{"line":14,"column":9},"end":{"line":14,"column":15}},"6":{"start":{"line":8,"column":0},"end":{"line":10,"column":null}}},"fnMap":{},"branchMap":{},"s":{"0":1,"1":1,"2":1,"3":1,"4":1,"5":1,"6":1},"f":{},"b":{}}
,"/home/frostyh/Projetos/Autoral/backend/src/router/usersRoute.ts": {"path":"/home/frostyh/Projetos/Autoral/backend/src/router/usersRoute.ts","statementMap":{"0":{"start":{"line":1,"column":0},"end":{"line":1,"column":73}},"1":{"start":{"line":2,"column":0},"end":{"line":2,"column":33}},"2":{"start":{"line":4,"column":20},"end":{"line":4,"column":28}},"3":{"start":{"line":9,"column":9},"end":{"line":9,"column":20}},"4":{"start":{"line":6,"column":0},"end":{"line":7,"column":null}}},"fnMap":{},"branchMap":{},"s":{"0":1,"1":1,"2":1,"3":1,"4":1},"f":{},"b":{}}
,"/home/frostyh/Projetos/Autoral/backend/src/schemas/schemas.ts": {"path":"/home/frostyh/Projetos/Autoral/backend/src/schemas/schemas.ts","statementMap":{"0":{"start":{"line":1,"column":0},"end":{"line":1,"column":22}},"1":{"start":{"line":3,"column":13},"end":{"line":8,"column":null}},"2":{"start":{"line":10,"column":13},"end":{"line":14,"column":null}},"3":{"start":{"line":16,"column":13},"end":{"line":19,"column":null}},"4":{"start":{"line":21,"column":26},"end":{"line":23,"column":2}},"5":{"start":{"line":25,"column":13},"end":{"line":27,"column":3}}},"fnMap":{},"branchMap":{},"s":{"0":1,"1":1,"2":1,"3":1,"4":1,"5":1},"f":{},"b":{}}
,"/home/frostyh/Projetos/Autoral/backend/src/services/cart-service/error.ts": {"path":"/home/frostyh/Projetos/Autoral/backend/src/services/cart-service/error.ts","statementMap":{"0":{"start":{"line":3,"column":4},"end":{"line":6,"column":6}},"1":{"start":{"line":1,"column":0},"end":{"line":1,"column":16}}},"fnMap":{"0":{"name":"cartAlreadyExists","decl":{"start":{"line":1,"column":16},"end":{"line":1,"column":33}},"loc":{"start":{"line":1,"column":33},"end":{"line":8,"column":1}}}},"branchMap":{},"s":{"0":0,"1":1},"f":{"0":0},"b":{}}
,"/home/frostyh/Projetos/Autoral/backend/src/services/cart-service/index.ts": {"path":"/home/frostyh/Projetos/Autoral/backend/src/services/cart-service/index.ts","statementMap":{"0":{"start":{"line":1,"column":0},"end":{"line":1,"column":66}},"1":{"start":{"line":2,"column":0},"end":{"line":2,"column":75}},"2":{"start":{"line":3,"column":0},"end":{"line":3,"column":51}},"3":{"start":{"line":4,"column":0},"end":{"line":4,"column":114}},"4":{"start":{"line":5,"column":0},"end":{"line":5,"column":44}},"5":{"start":{"line":9,"column":23},"end":{"line":11,"column":6}},"6":{"start":{"line":13,"column":4},"end":{"line":16,"column":null}},"7":{"start":{"line":14,"column":23},"end":{"line":14,"column":101}},"8":{"start":{"line":14,"column":86},"end":{"line":14,"column":100}},"9":{"start":{"line":15,"column":8},"end":{"line":15,"column":21}},"10":{"start":{"line":18,"column":22},"end":{"line":18,"column":52}},"11":{"start":{"line":20,"column":4},"end":{"line":22,"column":null}},"12":{"start":{"line":21,"column":8},"end":{"line":21,"column":29}},"13":{"start":{"line":24,"column":22},"end":{"line":24,"column":54}},"14":{"start":{"line":26,"column":4},"end":{"line":26,"column":null}},"15":{"start":{"line":28,"column":4},"end":{"line":30,"column":null}},"16":{"start":{"line":29,"column":8},"end":{"line":29,"column":34}},"17":{"start":{"line":32,"column":4},"end":{"line":32,"column":44}},"18":{"start":{"line":34,"column":4},"end":{"line":36,"column":null}},"19":{"start":{"line":56,"column":4},"end":{"line":56,"column":12}},"20":{"start":{"line":42,"column":22},"end":{"line":42,"column":52}},"21":{"start":{"line":44,"column":4},"end":{"line":46,"column":null}},"22":{"start":{"line":45,"column":8},"end":{"line":45,"column":29}},"23":{"start":{"line":48,"column":17},"end":{"line":48,"column":40}},"24":{"start":{"line":49,"column":4},"end":{"line":49,"column":22}},"25":{"start":{"line":51,"column":4},"end":{"line":51,"column":null}},"26":{"start":{"line":57,"column":4},"end":{"line":57,"column":11}}},"fnMap":{"0":{"name":"postCart","decl":{"start":{"line":7,"column":15},"end":{"line":7,"column":23}},"loc":{"start":{"line":7,"column":47},"end":{"line":38,"column":null}}},"1":{"name":"(anonymous_9)","decl":{"start":{"line":14,"column":52},"end":{"line":14,"column":53}},"loc":{"start":{"line":14,"column":86},"end":{"line":14,"column":100}}},"2":{"name":"getCart","decl":{"start":{"line":40,"column":15},"end":{"line":40,"column":22}},"loc":{"start":{"line":40,"column":33},"end":{"line":53,"column":null}}}},"branchMap":{"0":{"loc":{"start":{"line":13,"column":4},"end":{"line":16,"column":null}},"type":"if","locations":[{"start":{"line":13,"column":4},"end":{"line":16,"column":null}}]},"1":{"loc":{"start":{"line":20,"column":4},"end":{"line":22,"column":null}},"type":"if","locations":[{"start":{"line":20,"column":4},"end":{"line":22,"column":null}}]},"2":{"loc":{"start":{"line":28,"column":4},"end":{"line":30,"column":null}},"type":"if","locations":[{"start":{"line":28,"column":4},"end":{"line":30,"column":null}}]},"3":{"loc":{"start":{"line":44,"column":4},"end":{"line":46,"column":null}},"type":"if","locations":[{"start":{"line":44,"column":4},"end":{"line":46,"column":null}}]}},"s":{"0":1,"1":1,"2":1,"3":1,"4":1,"5":0,"6":0,"7":0,"8":0,"9":0,"10":0,"11":0,"12":0,"13":0,"14":0,"15":0,"16":0,"17":0,"18":0,"19":1,"20":0,"21":0,"22":0,"23":0,"24":0,"25":0,"26":1},"f":{"0":0,"1":0,"2":0},"b":{"0":[0],"1":[0],"2":[0],"3":[0]}}
,"/home/frostyh/Projetos/Autoral/backend/src/services/products-service/index.ts": {"path":"/home/frostyh/Projetos/Autoral/backend/src/services/products-service/index.ts","statementMap":{"0":{"start":{"line":1,"column":0},"end":{"line":1,"column":53}},"1":{"start":{"line":2,"column":0},"end":{"line":2,"column":115}},"2":{"start":{"line":3,"column":0},"end":{"line":3,"column":54}},"3":{"start":{"line":7,"column":16},"end":{"line":12,"column":null}},"4":{"start":{"line":14,"column":23},"end":{"line":14,"column":50}},"5":{"start":{"line":16,"column":4},"end":{"line":19,"column":null}},"6":{"start":{"line":17,"column":23},"end":{"line":17,"column":101}},"7":{"start":{"line":17,"column":86},"end":{"line":17,"column":100}},"8":{"start":{"line":18,"column":8},"end":{"line":18,"column":21}},"9":{"start":{"line":21,"column":20},"end":{"line":21,"column":76}},"10":{"start":{"line":23,"column":4},"end":{"line":23,"column":34}},"11":{"start":{"line":53,"column":4},"end":{"line":53,"column":15}},"12":{"start":{"line":29,"column":25},"end":{"line":29,"column":59}},"13":{"start":{"line":31,"column":4},"end":{"line":33,"column":null}},"14":{"start":{"line":32,"column":8},"end":{"line":32,"column":30}},"15":{"start":{"line":35,"column":4},"end":{"line":35,"column":24}},"16":{"start":{"line":52,"column":4},"end":{"line":52,"column":18}},"17":{"start":{"line":41,"column":26},"end":{"line":41,"column":62}},"18":{"start":{"line":43,"column":4},"end":{"line":45,"column":null}},"19":{"start":{"line":44,"column":8},"end":{"line":44,"column":30}},"20":{"start":{"line":47,"column":4},"end":{"line":47,"column":10}},"21":{"start":{"line":54,"column":4},"end":{"line":54,"column":14}}},"fnMap":{"0":{"name":"postProduct","decl":{"start":{"line":5,"column":15},"end":{"line":5,"column":26}},"loc":{"start":{"line":5,"column":60},"end":{"line":25,"column":null}}},"1":{"name":"(anonymous_10)","decl":{"start":{"line":17,"column":52},"end":{"line":17,"column":53}},"loc":{"start":{"line":17,"column":86},"end":{"line":17,"column":100}}},"2":{"name":"checkProductId","decl":{"start":{"line":27,"column":15},"end":{"line":27,"column":29}},"loc":{"start":{"line":27,"column":41},"end":{"line":37,"column":null}}},"3":{"name":"delProduct","decl":{"start":{"line":39,"column":15},"end":{"line":39,"column":25}},"loc":{"start":{"line":39,"column":37},"end":{"line":49,"column":null}}}},"branchMap":{"0":{"loc":{"start":{"line":16,"column":4},"end":{"line":19,"column":null}},"type":"if","locations":[{"start":{"line":16,"column":4},"end":{"line":19,"column":null}}]},"1":{"loc":{"start":{"line":31,"column":4},"end":{"line":33,"column":null}},"type":"if","locations":[{"start":{"line":31,"column":4},"end":{"line":33,"column":null}}]},"2":{"loc":{"start":{"line":43,"column":4},"end":{"line":45,"column":null}},"type":"if","locations":[{"start":{"line":43,"column":4},"end":{"line":45,"column":null}}]}},"s":{"0":1,"1":1,"2":1,"3":0,"4":0,"5":0,"6":0,"7":0,"8":0,"9":0,"10":0,"11":1,"12":0,"13":0,"14":0,"15":0,"16":1,"17":0,"18":0,"19":0,"20":0,"21":1},"f":{"0":0,"1":0,"2":0,"3":0},"b":{"0":[0],"1":[0],"2":[0]}}
,"/home/frostyh/Projetos/Autoral/backend/src/services/users-service/error.ts": {"path":"/home/frostyh/Projetos/Autoral/backend/src/services/users-service/error.ts","statementMap":{"0":{"start":{"line":3,"column":4},"end":{"line":6,"column":null}},"1":{"start":{"line":1,"column":0},"end":{"line":1,"column":16}},"2":{"start":{"line":12,"column":4},"end":{"line":15,"column":null}},"3":{"start":{"line":10,"column":0},"end":{"line":10,"column":16}}},"fnMap":{"0":{"name":"userAlreadyExist","decl":{"start":{"line":1,"column":16},"end":{"line":1,"column":32}},"loc":{"start":{"line":1,"column":32},"end":{"line":8,"column":1}}},"1":{"name":"userNotFound","decl":{"start":{"line":10,"column":16},"end":{"line":10,"column":28}},"loc":{"start":{"line":10,"column":28},"end":{"line":17,"column":1}}}},"branchMap":{},"s":{"0":0,"1":1,"2":0,"3":1},"f":{"0":0,"1":0},"b":{}}
,"/home/frostyh/Projetos/Autoral/backend/src/services/users-service/index.ts": {"path":"/home/frostyh/Projetos/Autoral/backend/src/services/users-service/index.ts","statementMap":{"0":{"start":{"line":1,"column":0},"end":{"line":1,"column":103}},"1":{"start":{"line":2,"column":0},"end":{"line":2,"column":68}},"2":{"start":{"line":3,"column":0},"end":{"line":3,"column":57}},"3":{"start":{"line":4,"column":0},"end":{"line":4,"column":30}},"4":{"start":{"line":5,"column":0},"end":{"line":5,"column":27}},"5":{"start":{"line":9,"column":16},"end":{"line":13,"column":null}},"6":{"start":{"line":15,"column":23},"end":{"line":15,"column":51}},"7":{"start":{"line":17,"column":24},"end":{"line":17,"column":66}},"8":{"start":{"line":19,"column":4},"end":{"line":19,"column":null}},"9":{"start":{"line":21,"column":4},"end":{"line":24,"column":null}},"10":{"start":{"line":22,"column":23},"end":{"line":22,"column":101}},"11":{"start":{"line":22,"column":86},"end":{"line":22,"column":100}},"12":{"start":{"line":23,"column":8},"end":{"line":23,"column":21}},"13":{"start":{"line":26,"column":23},"end":{"line":26,"column":53}},"14":{"start":{"line":28,"column":4},"end":{"line":30,"column":null}},"15":{"start":{"line":29,"column":8},"end":{"line":29,"column":33}},"16":{"start":{"line":32,"column":17},"end":{"line":32,"column":61}},"17":{"start":{"line":34,"column":4},"end":{"line":36,"column":null}},"18":{"start":{"line":74,"column":4},"end":{"line":74,"column":19}},"19":{"start":{"line":42,"column":16},"end":{"line":45,"column":null}},"20":{"start":{"line":47,"column":23},"end":{"line":47,"column":48}},"21":{"start":{"line":49,"column":4},"end":{"line":52,"column":null}},"22":{"start":{"line":50,"column":23},"end":{"line":50,"column":101}},"23":{"start":{"line":50,"column":86},"end":{"line":50,"column":100}},"24":{"start":{"line":51,"column":8},"end":{"line":51,"column":21}},"25":{"start":{"line":54,"column":23},"end":{"line":54,"column":53}},"26":{"start":{"line":56,"column":4},"end":{"line":58,"column":null}},"27":{"start":{"line":57,"column":8},"end":{"line":57,"column":29}},"28":{"start":{"line":60,"column":18},"end":{"line":60,"column":77}},"29":{"start":{"line":62,"column":4},"end":{"line":62,"column":null}},"30":{"start":{"line":64,"column":4},"end":{"line":69,"column":null}},"31":{"start":{"line":75,"column":4},"end":{"line":75,"column":13}}},"fnMap":{"0":{"name":"registerNewUser","decl":{"start":{"line":7,"column":15},"end":{"line":7,"column":30}},"loc":{"start":{"line":7,"column":56},"end":{"line":38,"column":null}}},"1":{"name":"(anonymous_10)","decl":{"start":{"line":22,"column":52},"end":{"line":22,"column":53}},"loc":{"start":{"line":22,"column":86},"end":{"line":22,"column":100}}},"2":{"name":"userLogin","decl":{"start":{"line":40,"column":15},"end":{"line":40,"column":24}},"loc":{"start":{"line":40,"column":44},"end":{"line":71,"column":null}}},"3":{"name":"(anonymous_13)","decl":{"start":{"line":50,"column":52},"end":{"line":50,"column":53}},"loc":{"start":{"line":50,"column":86},"end":{"line":50,"column":100}}}},"branchMap":{"0":{"loc":{"start":{"line":21,"column":4},"end":{"line":24,"column":null}},"type":"if","locations":[{"start":{"line":21,"column":4},"end":{"line":24,"column":null}}]},"1":{"loc":{"start":{"line":28,"column":4},"end":{"line":30,"column":null}},"type":"if","locations":[{"start":{"line":28,"column":4},"end":{"line":30,"column":null}}]},"2":{"loc":{"start":{"line":49,"column":4},"end":{"line":52,"column":null}},"type":"if","locations":[{"start":{"line":49,"column":4},"end":{"line":52,"column":null}}]},"3":{"loc":{"start":{"line":56,"column":4},"end":{"line":58,"column":null}},"type":"if","locations":[{"start":{"line":56,"column":4},"end":{"line":58,"column":null}}]}},"s":{"0":1,"1":1,"2":1,"3":1,"4":1,"5":6,"6":6,"7":6,"8":4,"9":4,"10":3,"11":3,"12":3,"13":1,"14":1,"15":0,"16":1,"17":1,"18":1,"19":0,"20":0,"21":0,"22":0,"23":0,"24":0,"25":0,"26":0,"27":0,"28":0,"29":0,"30":0,"31":1},"f":{"0":6,"1":3,"2":0,"3":0},"b":{"0":[3],"1":[0],"2":[0],"3":[0]}}
,"/home/frostyh/Projetos/Autoral/backend/tests/helpers.ts": {"path":"/home/frostyh/Projetos/Autoral/backend/tests/helpers.ts","statementMap":{"0":{"start":{"line":1,"column":0},"end":{"line":1,"column":27}},"1":{"start":{"line":2,"column":0},"end":{"line":2,"column":54}},"2":{"start":{"line":3,"column":0},"end":{"line":3,"column":47}},"3":{"start":{"line":5,"column":0},"end":{"line":5,"column":36}},"4":{"start":{"line":6,"column":0},"end":{"line":6,"column":60}},"5":{"start":{"line":9,"column":0},"end":{"line":9,"column":16}},"6":{"start":{"line":13,"column":4},"end":{"line":13,"column":40}},"7":{"start":{"line":14,"column":4},"end":{"line":14,"column":44}},"8":{"start":{"line":15,"column":4},"end":{"line":15,"column":37}},"9":{"start":{"line":16,"column":4},"end":{"line":16,"column":37}},"10":{"start":{"line":11,"column":0},"end":{"line":11,"column":22}},"11":{"start":{"line":22,"column":25},"end":{"line":22,"column":53}},"12":{"start":{"line":23,"column":18},"end":{"line":23,"column":79}},"13":{"start":{"line":25,"column":4},"end":{"line":25,"column":31}},"14":{"start":{"line":27,"column":4},"end":{"line":27,"column":17}},"15":{"start":{"line":20,"column":0},"end":{"line":20,"column":22}}},"fnMap":{"0":{"name":"cleanDb","decl":{"start":{"line":11,"column":22},"end":{"line":11,"column":29}},"loc":{"start":{"line":11,"column":29},"end":{"line":18,"column":null}}},"1":{"name":"generateValidToken","decl":{"start":{"line":20,"column":22},"end":{"line":20,"column":40}},"loc":{"start":{"line":20,"column":52},"end":{"line":29,"column":null}}}},"branchMap":{"0":{"loc":{"start":{"line":22,"column":25},"end":{"line":22,"column":53}},"type":"binary-expr","locations":[{"start":{"line":22,"column":25},"end":{"line":22,"column":29}},{"start":{"line":22,"column":34},"end":{"line":22,"column":52}}]}},"s":{"0":1,"1":1,"2":1,"3":1,"4":1,"5":1,"6":1,"7":1,"8":1,"9":1,"10":1,"11":0,"12":0,"13":0,"14":0,"15":1},"f":{"0":1,"1":0},"b":{"0":[0,0]}}
,"/home/frostyh/Projetos/Autoral/backend/tests/factories/session-factory.ts": {"path":"/home/frostyh/Projetos/Autoral/backend/tests/factories/session-factory.ts","statementMap":{"0":{"start":{"line":1,"column":0},"end":{"line":1,"column":50}},"1":{"start":{"line":2,"column":0},"end":{"line":2,"column":55}},"2":{"start":{"line":6,"column":17},"end":{"line":6,"column":35}},"3":{"start":{"line":8,"column":4},"end":{"line":13,"column":7}},"4":{"start":{"line":5,"column":0},"end":{"line":5,"column":22}}},"fnMap":{"0":{"name":"createSession","decl":{"start":{"line":5,"column":22},"end":{"line":5,"column":35}},"loc":{"start":{"line":5,"column":49},"end":{"line":14,"column":null}}}},"branchMap":{},"s":{"0":1,"1":1,"2":0,"3":0,"4":1},"f":{"0":0},"b":{}}
,"/home/frostyh/Projetos/Autoral/backend/tests/factories/user-factory.ts": {"path":"/home/frostyh/Projetos/Autoral/backend/tests/factories/user-factory.ts","statementMap":{"0":{"start":{"line":1,"column":0},"end":{"line":1,"column":28}},"1":{"start":{"line":2,"column":0},"end":{"line":2,"column":40}},"2":{"start":{"line":4,"column":0},"end":{"line":4,"column":50}},"3":{"start":{"line":9,"column":27},"end":{"line":9,"column":72}},"4":{"start":{"line":11,"column":25},"end":{"line":11,"column":64}},"5":{"start":{"line":13,"column":2},"end":{"line":21,"column":5}},"6":{"start":{"line":7,"column":0},"end":{"line":7,"column":22}}},"fnMap":{"0":{"name":"createUser","decl":{"start":{"line":7,"column":22},"end":{"line":7,"column":32}},"loc":{"start":{"line":7,"column":59},"end":{"line":23,"column":null}}}},"branchMap":{"0":{"loc":{"start":{"line":7,"column":33},"end":{"line":7,"column":59}},"type":"default-arg","locations":[{"start":{"line":7,"column":57},"end":{"line":7,"column":59}}]},"1":{"loc":{"start":{"line":9,"column":27},"end":{"line":9,"column":72}},"type":"binary-expr","locations":[{"start":{"line":9,"column":27},"end":{"line":9,"column":42}},{"start":{"line":9,"column":46},"end":{"line":9,"column":72}}]},"2":{"loc":{"start":{"line":17,"column":13},"end":{"line":17,"column":51}},"type":"binary-expr","locations":[{"start":{"line":17,"column":13},"end":{"line":17,"column":25}},{"start":{"line":17,"column":29},"end":{"line":17,"column":51}}]}},"s":{"0":1,"1":1,"2":1,"3":0,"4":0,"5":0,"6":1},"f":{"0":0},"b":{"0":[0],"1":[0,0],"2":[0,0]}}
}
