TN:
SF:src/index.ts
FN:15,(anonymous_8)
FN:17,init
FN:22,close
FNF:3
FNH:2
FNDA:1,(anonymous_8)
FNDA:1,init
FNDA:0,close
DA:1,1
DA:2,1
DA:3,1
DA:4,1
DA:6,1
DA:8,1
DA:9,1
DA:10,1
DA:12,1
DA:15,1
DA:17,1
DA:18,1
DA:19,1
DA:22,1
DA:23,0
DA:26,1
LF:16
LH:15
BRDA:12,0,0,1
BRDA:12,0,1,0
BRF:2
BRH:1
end_of_record
TN:
SF:src/controller/carts.controller.ts
FN:6,cartPost
FN:29,cartGet
FNF:2
FNH:0
FNDA:0,cartPost
FNDA:0,cartGet
DA:2,1
DA:3,1
DA:8,0
DA:10,0
DA:12,0
DA:14,0
DA:16,0
DA:20,0
DA:21,0
DA:24,0
DA:31,0
DA:33,0
DA:35,0
DA:37,0
DA:39,0
DA:43,0
DA:49,1
DA:50,1
LF:18
LH:4
BRDA:20,0,0,0
BRF:1
BRH:0
end_of_record
TN:
SF:src/controller/product.controller.ts
FN:7,createProduct
FN:22,getProducts
FN:37,getProductById
FN:56,deleteProduct
FNF:4
FNH:0
FNDA:0,createProduct
FNDA:0,getProducts
FNDA:0,getProductById
FNDA:0,deleteProduct
DA:2,1
DA:3,1
DA:4,1
DA:8,0
DA:10,0
DA:12,0
DA:14,0
DA:18,0
DA:24,0
DA:26,0
DA:28,0
DA:32,0
DA:39,0
DA:41,0
DA:43,0
DA:45,0
DA:49,0
DA:50,0
DA:57,0
DA:59,0
DA:61,0
DA:63,0
DA:67,0
DA:68,0
DA:76,1
DA:77,1
DA:78,1
DA:79,1
LF:28
LH:7
BRDA:49,0,0,0
BRDA:67,1,0,0
BRF:2
BRH:0
end_of_record
TN:
SF:src/controller/users.controller.ts
FN:5,registerUser
FN:21,loginUser
FNF:2
FNH:1
FNDA:6,registerUser
FNDA:0,loginUser
DA:2,1
DA:3,1
DA:7,6
DA:9,6
DA:10,6
DA:12,1
DA:15,5
DA:23,0
DA:25,0
DA:26,0
DA:28,0
DA:31,0
DA:32,0
DA:39,1
DA:40,1
LF:15
LH:9
BRDA:31,0,0,0
BRF:1
BRH:0
end_of_record
TN:
SF:src/database/index.ts
FN:4,connectDb
FN:8,disconnectDB
FNF:2
FNH:1
FNDA:1,connectDb
FNDA:0,disconnectDB
DA:1,1
DA:3,1
DA:4,1
DA:5,1
DA:8,1
DA:9,0
LF:6
LH:5
BRDA:9,0,0,0
BRDA:9,0,1,0
BRDA:9,1,0,0
BRDA:9,1,1,0
BRF:4
BRH:0
end_of_record
TN:
SF:src/error/notFoundError.ts
FN:1,notFoundError
FNF:1
FNH:0
FNDA:0,notFoundError
DA:1,1
DA:3,0
LF:2
LH:1
BRF:0
BRH:0
end_of_record
TN:
SF:src/error/unauthorized-error.ts
FN:1,unauthorizedError
FNF:1
FNH:0
FNDA:0,unauthorizedError
DA:1,1
DA:3,0
LF:2
LH:1
BRF:0
BRH:0
end_of_record
TN:
SF:src/middleware/authenticated-middleware.ts
FN:13,checkToken
FN:47,unauthorizedResponse
FNF:2
FNH:0
FNDA:0,checkToken
FNDA:0,unauthorizedResponse
DA:1,1
DA:2,1
DA:4,1
DA:5,1
DA:13,1
DA:16,0
DA:18,0
DA:20,0
DA:22,0
DA:24,0
DA:26,0
DA:28,0
DA:34,0
DA:36,0
DA:38,0
DA:42,0
DA:48,0
LF:17
LH:5
BRDA:18,0,0,0
BRDA:22,1,0,0
BRDA:34,2,0,0
BRF:3
BRH:0
end_of_record
TN:
SF:src/repositories/carts-repositories/index.ts
FN:3,cartPost
FN:5,(anonymous_9)
FN:22,cartGet
FN:45,findCartByUserId
FN:56,cartGetProduct
FNF:5
FNH:0
FNDA:0,cartPost
FNDA:0,(anonymous_9)
FNDA:0,cartGet
FNDA:0,findCartByUserId
FNDA:0,cartGetProduct
DA:1,1
DA:3,1
DA:5,0
DA:6,0
DA:9,0
DA:19,0
DA:22,1
DA:23,0
DA:42,0
DA:45,1
DA:47,0
DA:53,0
DA:56,1
DA:57,0
DA:63,0
DA:65,0
LF:16
LH:5
BRF:0
BRH:0
end_of_record
TN:
SF:src/repositories/products-repositories/index.ts
FN:3,insertProduct
FN:18,getProduct
FN:26,getProductsById
FN:38,deleteProductById
FNF:4
FNH:0
FNDA:0,insertProduct
FNDA:0,getProduct
FNDA:0,getProductsById
FNDA:0,deleteProductById
DA:1,1
DA:3,1
DA:5,0
DA:14,0
DA:18,1
DA:20,0
DA:22,0
DA:26,1
DA:28,0
DA:34,0
DA:38,1
DA:40,0
DA:42,0
DA:49,0
DA:52,0
LF:15
LH:5
BRF:0
BRH:0
end_of_record
TN:
SF:src/repositories/users-repositories/index.ts
FN:3,postUser
FN:16,findUserByEmail
FN:28,findUserById
FN:40,createSession
FNF:4
FNH:2
FNDA:1,postUser
FNDA:1,findUserByEmail
FNDA:0,findUserById
FNDA:0,createSession
DA:1,1
DA:3,1
DA:5,1
DA:13,1
DA:16,1
DA:18,1
DA:24,1
DA:28,1
DA:30,0
DA:36,0
DA:40,1
DA:42,0
DA:50,0
LF:13
LH:9
BRF:0
BRH:0
end_of_record
TN:
SF:src/router/cartRouter.ts
FNF:0
FNH:0
DA:1,1
DA:2,1
DA:3,1
DA:5,1
DA:7,1
DA:11,1
LF:6
LH:6
BRF:0
BRH:0
end_of_record
TN:
SF:src/router/productsRoute.ts
FNF:0
FNH:0
DA:1,1
DA:2,1
DA:4,1
DA:6,1
DA:12,1
LF:5
LH:5
BRF:0
BRH:0
end_of_record
TN:
SF:src/router/router.ts
FNF:0
FNH:0
DA:1,1
DA:2,1
DA:3,1
DA:4,1
DA:6,1
DA:8,1
DA:14,1
LF:7
LH:7
BRF:0
BRH:0
end_of_record
TN:
SF:src/router/usersRoute.ts
FNF:0
FNH:0
DA:1,1
DA:2,1
DA:4,1
DA:6,1
DA:9,1
LF:5
LH:5
BRF:0
BRH:0
end_of_record
TN:
SF:src/schemas/schemas.ts
FNF:0
FNH:0
DA:1,1
DA:3,1
DA:10,1
DA:16,1
DA:21,1
DA:25,1
LF:6
LH:6
BRF:0
BRH:0
end_of_record
TN:
SF:src/services/cart-service/error.ts
FN:1,cartAlreadyExists
FNF:1
FNH:0
FNDA:0,cartAlreadyExists
DA:1,1
DA:3,0
LF:2
LH:1
BRF:0
BRH:0
end_of_record
TN:
SF:src/services/cart-service/index.ts
FN:7,postCart
FN:14,(anonymous_9)
FN:40,getCart
FNF:3
FNH:0
FNDA:0,postCart
FNDA:0,(anonymous_9)
FNDA:0,getCart
DA:1,1
DA:2,1
DA:3,1
DA:4,1
DA:5,1
DA:9,0
DA:13,0
DA:14,0
DA:15,0
DA:18,0
DA:20,0
DA:21,0
DA:24,0
DA:26,0
DA:28,0
DA:29,0
DA:32,0
DA:34,0
DA:42,0
DA:44,0
DA:45,0
DA:48,0
DA:49,0
DA:51,0
DA:56,1
DA:57,1
LF:26
LH:7
BRDA:13,0,0,0
BRDA:20,1,0,0
BRDA:28,2,0,0
BRDA:44,3,0,0
BRF:4
BRH:0
end_of_record
TN:
SF:src/services/products-service/index.ts
FN:5,postProduct
FN:17,(anonymous_10)
FN:27,checkProductId
FN:39,delProduct
FNF:4
FNH:0
FNDA:0,postProduct
FNDA:0,(anonymous_10)
FNDA:0,checkProductId
FNDA:0,delProduct
DA:1,1
DA:2,1
DA:3,1
DA:7,0
DA:14,0
DA:16,0
DA:17,0
DA:18,0
DA:21,0
DA:23,0
DA:29,0
DA:31,0
DA:32,0
DA:35,0
DA:41,0
DA:43,0
DA:44,0
DA:47,0
DA:52,1
DA:53,1
DA:54,1
LF:21
LH:6
BRDA:16,0,0,0
BRDA:31,1,0,0
BRDA:43,2,0,0
BRF:3
BRH:0
end_of_record
TN:
SF:src/services/users-service/error.ts
FN:1,userAlreadyExist
FN:10,userNotFound
FNF:2
FNH:0
FNDA:0,userAlreadyExist
FNDA:0,userNotFound
DA:1,1
DA:3,0
DA:10,1
DA:12,0
LF:4
LH:2
BRF:0
BRH:0
end_of_record
TN:
SF:src/services/users-service/index.ts
FN:7,registerNewUser
FN:22,(anonymous_10)
FN:40,userLogin
FN:50,(anonymous_13)
FNF:4
FNH:2
FNDA:6,registerNewUser
FNDA:3,(anonymous_10)
FNDA:0,userLogin
FNDA:0,(anonymous_13)
DA:1,1
DA:2,1
DA:3,1
DA:4,1
DA:5,1
DA:9,6
DA:15,6
DA:17,6
DA:19,4
DA:21,4
DA:22,3
DA:23,3
DA:26,1
DA:28,1
DA:29,0
DA:32,1
DA:34,1
DA:42,0
DA:47,0
DA:49,0
DA:50,0
DA:51,0
DA:54,0
DA:56,0
DA:57,0
DA:60,0
DA:62,0
DA:64,0
DA:74,1
DA:75,1
LF:30
LH:18
BRDA:21,0,0,3
BRDA:28,1,0,0
BRDA:49,2,0,0
BRDA:56,3,0,0
BRF:4
BRH:1
end_of_record
TN:
SF:tests/helpers.ts
FN:11,cleanDb
FN:20,generateValidToken
FNF:2
FNH:1
FNDA:1,cleanDb
FNDA:0,generateValidToken
DA:1,1
DA:2,1
DA:3,1
DA:5,1
DA:6,1
DA:9,1
DA:11,1
DA:13,1
DA:14,1
DA:15,1
DA:16,1
DA:20,1
DA:22,0
DA:23,0
DA:25,0
DA:27,0
LF:16
LH:12
BRDA:22,0,0,0
BRDA:22,0,1,0
BRF:2
BRH:0
end_of_record
TN:
SF:tests/factories/session-factory.ts
FN:5,createSession
FNF:1
FNH:0
FNDA:0,createSession
DA:1,1
DA:2,1
DA:5,1
DA:6,0
DA:8,0
LF:5
LH:3
BRF:0
BRH:0
end_of_record
TN:
SF:tests/factories/user-factory.ts
FN:7,createUser
FNF:1
FNH:0
FNDA:0,createUser
DA:1,1
DA:2,1
DA:4,1
DA:7,1
DA:9,0
DA:11,0
DA:13,0
LF:7
LH:4
BRDA:7,0,0,0
BRDA:9,1,0,0
BRDA:9,1,1,0
BRDA:17,2,0,0
BRDA:17,2,1,0
BRF:5
BRH:0
end_of_record
